[debug] [2020-06-02T13:07:51.996Z] ----------------------------------------------------------------------
[debug] [2020-06-02T13:07:52.002Z] Command:       C:\Program Files\nodejs\node.exe C:\Users\user\AppData\Roaming\npm\node_modules\firebase-tools\lib\bin\firebase.js init
[debug] [2020-06-02T13:07:52.003Z] CLI Version:   8.4.1
[debug] [2020-06-02T13:07:52.003Z] Platform:      win32
[debug] [2020-06-02T13:07:52.003Z] Node Version:  v12.16.2
[debug] [2020-06-02T13:07:52.006Z] Time:          Tue Jun 02 2020 18:07:52 GMT+0500 (Pakistan Standard Time)
[debug] [2020-06-02T13:07:52.007Z] ----------------------------------------------------------------------
[debug] [2020-06-02T13:07:52.007Z] 
[debug] [2020-06-02T13:07:52.025Z] > command requires scopes: ["email","openid","https://www.googleapis.com/auth/cloudplatformprojects.readonly","https://www.googleapis.com/auth/firebase","https://www.googleapis.com/auth/cloud-platform"]
[debug] [2020-06-02T13:07:52.026Z] > authorizing via signed-in user
[info] 
     ######## #### ########  ######## ########     ###     ######  ########
     ##        ##  ##     ## ##       ##     ##  ##   ##  ##       ##
     ######    ##  ########  ######   ########  #########  ######  ######
     ##        ##  ##    ##  ##       ##     ## ##     ##       ## ##
     ##       #### ##     ## ######## ########  ##     ##  ######  ########

You're about to initialize a Firebase project in this directory:

  E:\first web project

Before we get started, keep in mind:

  * You are initializing in an existing Firebase project directory

[info] 
=== Project Setup
[info] 
[info] First, let's associate this project directory with a Firebase project.
[info] You can create multiple project aliases by running firebase use --add, 
[info] but for now we'll just set up a default project.
[info] 
[debug] [2020-06-02T13:08:04.743Z] > refreshing access token with scopes: ["email","https://www.googleapis.com/auth/cloud-platform","https://www.googleapis.com/auth/cloudplatformprojects.readonly","https://www.googleapis.com/auth/firebase","openid"]
[debug] [2020-06-02T13:08:04.744Z] >>> HTTP REQUEST POST https://www.googleapis.com/oauth2/v3/token  
 <request body omitted>
[debug] [2020-06-02T13:08:05.483Z] <<< HTTP RESPONSE 200 {"content-type":"application/json; charset=utf-8","vary":"X-Origin, Referer, Origin,Accept-Encoding","date":"Tue, 02 Jun 2020 13:07:24 GMT","server":"scaffolding on HTTPServer2","cache-control":"private","x-xss-protection":"0","x-frame-options":"SAMEORIGIN","x-content-type-options":"nosniff","alt-svc":"h3-27=\":443\"; ma=2592000,h3-25=\":443\"; ma=2592000,h3-T050=\":443\"; ma=2592000,h3-Q050=\":443\"; ma=2592000,h3-Q049=\":443\"; ma=2592000,h3-Q048=\":443\"; ma=2592000,h3-Q046=\":443\"; ma=2592000,h3-Q043=\":443\"; ma=2592000,quic=\":443\"; ma=2592000; v=\"46,43\"","accept-ranges":"none","transfer-encoding":"chunked"}
[debug] [2020-06-02T13:08:05.550Z] >>> HTTP REQUEST GET https://firebase.googleapis.com/v1beta1/projects?pageSize=100  
 
[debug] [2020-06-02T13:08:06.188Z] <<< HTTP RESPONSE 200 {"content-type":"application/json; charset=UTF-8","vary":"X-Origin, Referer, Origin,Accept-Encoding","date":"Tue, 02 Jun 2020 13:07:25 GMT","server":"ESF","cache-control":"private","x-xss-protection":"0","x-frame-options":"SAMEORIGIN","x-content-type-options":"nosniff","alt-svc":"h3-27=\":443\"; ma=2592000,h3-25=\":443\"; ma=2592000,h3-T050=\":443\"; ma=2592000,h3-Q050=\":443\"; ma=2592000,h3-Q049=\":443\"; ma=2592000,h3-Q048=\":443\"; ma=2592000,h3-Q046=\":443\"; ma=2592000,h3-Q043=\":443\"; ma=2592000,quic=\":443\"; ma=2592000; v=\"46,43\"","accept-ranges":"none","transfer-encoding":"chunked"}
